1727700103.867203 client started (91503): version 3.4, socket /private/tmp/tmux-502/default, protocol 8
1727700103.867344 on Darwin 24.0.0 Darwin Kernel Version 24.0.0: Mon Aug 12 20:52:12 PDT 2024; root:xnu-11215.1.10~2/RELEASE_ARM64_T6020
1727700103.867369 using libevent 2.1.12-stable select
1727700103.867646 using utf8proc 2.9.0
1727700103.867668 using ncurses 6.5 20240427
1727700103.867703 flags are 0x10010000
1727700103.867713 socket is /private/tmp/tmux-502/default
1727700103.867739 trying connect
1727700103.867847 add peer 0x118008000: 6 (0x0)
1727700103.873634 sending message 100 to peer 0x118008000 (4 bytes)
1727700103.873688 sending message 111 to peer 0x118008000 (8 bytes)
1727700103.873699 sending message 101 to peer 0x118008000 (14 bytes)
1727700103.873709 sending message 109 to peer 0x118008000 (4 bytes)
1727700103.873717 sending message 102 to peer 0x118008000 (13 bytes)
1727700103.873725 sending message 108 to peer 0x118008000 (36 bytes)
1727700103.873733 sending message 112 to peer 0x118008000 (70 bytes)
1727700103.873741 sending message 112 to peer 0x118008000 (5 bytes)
1727700103.873748 sending message 112 to peer 0x118008000 (5 bytes)
1727700103.873756 sending message 112 to peer 0x118008000 (6 bytes)
1727700103.873764 sending message 112 to peer 0x118008000 (6 bytes)
1727700103.873771 sending message 112 to peer 0x118008000 (11 bytes)
1727700103.873779 sending message 112 to peer 0x118008000 (10 bytes)
1727700103.873786 sending message 112 to peer 0x118008000 (13 bytes)
1727700103.873794 sending message 112 to peer 0x118008000 (13 bytes)
1727700103.873802 sending message 112 to peer 0x118008000 (18 bytes)
1727700103.873809 sending message 112 to peer 0x118008000 (11 bytes)
1727700103.873816 sending message 112 to peer 0x118008000 (10 bytes)
1727700103.873824 sending message 112 to peer 0x118008000 (15 bytes)
1727700103.873831 sending message 112 to peer 0x118008000 (21 bytes)
1727700103.873839 sending message 112 to peer 0x118008000 (13 bytes)
1727700103.873847 sending message 112 to peer 0x118008000 (7 bytes)
1727700103.873854 sending message 112 to peer 0x118008000 (13 bytes)
1727700103.873861 sending message 112 to peer 0x118008000 (7 bytes)
1727700103.873868 sending message 112 to peer 0x118008000 (13 bytes)
1727700103.873876 sending message 112 to peer 0x118008000 (9 bytes)
1727700103.873883 sending message 112 to peer 0x118008000 (21 bytes)
1727700103.873891 sending message 112 to peer 0x118008000 (13 bytes)
1727700103.873898 sending message 112 to peer 0x118008000 (8 bytes)
1727700103.873905 sending message 112 to peer 0x118008000 (12 bytes)
1727700103.873912 sending message 112 to peer 0x118008000 (13 bytes)
1727700103.873919 sending message 112 to peer 0x118008000 (9 bytes)
1727700103.873927 sending message 112 to peer 0x118008000 (9 bytes)
1727700103.873934 sending message 112 to peer 0x118008000 (12 bytes)
1727700103.873941 sending message 112 to peer 0x118008000 (8 bytes)
1727700103.873948 sending message 112 to peer 0x118008000 (8 bytes)
1727700103.873956 sending message 112 to peer 0x118008000 (7 bytes)
1727700103.873963 sending message 112 to peer 0x118008000 (7 bytes)
1727700103.873970 sending message 112 to peer 0x118008000 (9 bytes)
1727700103.873978 sending message 112 to peer 0x118008000 (13 bytes)
1727700103.873985 sending message 112 to peer 0x118008000 (6 bytes)
1727700103.873992 sending message 112 to peer 0x118008000 (9 bytes)
1727700103.874000 sending message 112 to peer 0x118008000 (15 bytes)
1727700103.874007 sending message 112 to peer 0x118008000 (13 bytes)
1727700103.874015 sending message 112 to peer 0x118008000 (12 bytes)
1727700103.874023 sending message 112 to peer 0x118008000 (8 bytes)
1727700103.874030 sending message 112 to peer 0x118008000 (14 bytes)
1727700103.874038 sending message 112 to peer 0x118008000 (11 bytes)
1727700103.874045 sending message 112 to peer 0x118008000 (9 bytes)
1727700103.874052 sending message 112 to peer 0x118008000 (10 bytes)
1727700103.874060 sending message 112 to peer 0x118008000 (10 bytes)
1727700103.874067 sending message 112 to peer 0x118008000 (10 bytes)
1727700103.874093 sending message 112 to peer 0x118008000 (10 bytes)
1727700103.874099 sending message 112 to peer 0x118008000 (11 bytes)
1727700103.874104 sending message 112 to peer 0x118008000 (12 bytes)
1727700103.874109 sending message 112 to peer 0x118008000 (12 bytes)
1727700103.874115 sending message 112 to peer 0x118008000 (12 bytes)
1727700103.874120 sending message 112 to peer 0x118008000 (12 bytes)
1727700103.874126 sending message 112 to peer 0x118008000 (12 bytes)
1727700103.874131 sending message 112 to peer 0x118008000 (11 bytes)
1727700103.874136 sending message 112 to peer 0x118008000 (11 bytes)
1727700103.874141 sending message 112 to peer 0x118008000 (12 bytes)
1727700103.874147 sending message 112 to peer 0x118008000 (12 bytes)
1727700103.874152 sending message 112 to peer 0x118008000 (12 bytes)
1727700103.874157 sending message 112 to peer 0x118008000 (12 bytes)
1727700103.874162 sending message 112 to peer 0x118008000 (12 bytes)
1727700103.874167 sending message 112 to peer 0x118008000 (10 bytes)
1727700103.874173 sending message 112 to peer 0x118008000 (12 bytes)
1727700103.874178 sending message 112 to peer 0x118008000 (13 bytes)
1727700103.874184 sending message 112 to peer 0x118008000 (13 bytes)
1727700103.874189 sending message 112 to peer 0x118008000 (13 bytes)
1727700103.874194 sending message 112 to peer 0x118008000 (13 bytes)
1727700103.874199 sending message 112 to peer 0x118008000 (13 bytes)
1727700103.874205 sending message 112 to peer 0x118008000 (8 bytes)
1727700103.874210 sending message 112 to peer 0x118008000 (11 bytes)
1727700103.874215 sending message 112 to peer 0x118008000 (11 bytes)
1727700103.874221 sending message 112 to peer 0x118008000 (11 bytes)
1727700103.874226 sending message 112 to peer 0x118008000 (12 bytes)
1727700103.874231 sending message 112 to peer 0x118008000 (12 bytes)
1727700103.874237 sending message 112 to peer 0x118008000 (12 bytes)
1727700103.874242 sending message 112 to peer 0x118008000 (12 bytes)
1727700103.874247 sending message 112 to peer 0x118008000 (13 bytes)
1727700103.874252 sending message 112 to peer 0x118008000 (13 bytes)
1727700103.874258 sending message 112 to peer 0x118008000 (13 bytes)
1727700103.874263 sending message 112 to peer 0x118008000 (8 bytes)
1727700103.874268 sending message 112 to peer 0x118008000 (13 bytes)
1727700103.874273 sending message 112 to peer 0x118008000 (13 bytes)
1727700103.874279 sending message 112 to peer 0x118008000 (13 bytes)
1727700103.874284 sending message 112 to peer 0x118008000 (13 bytes)
1727700103.874289 sending message 112 to peer 0x118008000 (13 bytes)
1727700103.874294 sending message 112 to peer 0x118008000 (12 bytes)
1727700103.874299 sending message 112 to peer 0x118008000 (12 bytes)
1727700103.874305 sending message 112 to peer 0x118008000 (12 bytes)
1727700103.874310 sending message 112 to peer 0x118008000 (12 bytes)
1727700103.874315 sending message 112 to peer 0x118008000 (13 bytes)
1727700103.874320 sending message 112 to peer 0x118008000 (8 bytes)
1727700103.874326 sending message 112 to peer 0x118008000 (13 bytes)
1727700103.874331 sending message 112 to peer 0x118008000 (13 bytes)
1727700103.874336 sending message 112 to peer 0x118008000 (13 bytes)
1727700103.874342 sending message 112 to peer 0x118008000 (13 bytes)
1727700103.874347 sending message 112 to peer 0x118008000 (13 bytes)
1727700103.874352 sending message 112 to peer 0x118008000 (13 bytes)
1727700103.874357 sending message 112 to peer 0x118008000 (13 bytes)
1727700103.874363 sending message 112 to peer 0x118008000 (12 bytes)
1727700103.874368 sending message 112 to peer 0x118008000 (12 bytes)
1727700103.874373 sending message 112 to peer 0x118008000 (12 bytes)
1727700103.874378 sending message 112 to peer 0x118008000 (8 bytes)
1727700103.874384 sending message 112 to peer 0x118008000 (12 bytes)
1727700103.874389 sending message 112 to peer 0x118008000 (13 bytes)
1727700103.874394 sending message 112 to peer 0x118008000 (13 bytes)
1727700103.874399 sending message 112 to peer 0x118008000 (13 bytes)
1727700103.874405 sending message 112 to peer 0x118008000 (13 bytes)
1727700103.874422 sending message 112 to peer 0x118008000 (13 bytes)
1727700103.874427 sending message 112 to peer 0x118008000 (13 bytes)
1727700103.874433 sending message 112 to peer 0x118008000 (13 bytes)
1727700103.874438 sending message 112 to peer 0x118008000 (13 bytes)
1727700103.874443 sending message 112 to peer 0x118008000 (12 bytes)
1727700103.874448 sending message 112 to peer 0x118008000 (10 bytes)
1727700103.874454 sending message 112 to peer 0x118008000 (12 bytes)
1727700103.874459 sending message 112 to peer 0x118008000 (12 bytes)
1727700103.874464 sending message 112 to peer 0x118008000 (12 bytes)
1727700103.874469 sending message 112 to peer 0x118008000 (13 bytes)
1727700103.874475 sending message 112 to peer 0x118008000 (13 bytes)
1727700103.874480 sending message 112 to peer 0x118008000 (13 bytes)
1727700103.874485 sending message 112 to peer 0x118008000 (13 bytes)
1727700103.874490 sending message 112 to peer 0x118008000 (13 bytes)
1727700103.874496 sending message 112 to peer 0x118008000 (13 bytes)
1727700103.874501 sending message 112 to peer 0x118008000 (13 bytes)
1727700103.874506 sending message 112 to peer 0x118008000 (10 bytes)
1727700103.874511 sending message 112 to peer 0x118008000 (13 bytes)
1727700103.874516 sending message 112 to peer 0x118008000 (12 bytes)
1727700103.874522 sending message 112 to peer 0x118008000 (12 bytes)
1727700103.874527 sending message 112 to peer 0x118008000 (12 bytes)
1727700103.874532 sending message 112 to peer 0x118008000 (10 bytes)
1727700103.874537 sending message 112 to peer 0x118008000 (10 bytes)
1727700103.874543 sending message 112 to peer 0x118008000 (10 bytes)
1727700103.874548 sending message 112 to peer 0x118008000 (12 bytes)
1727700103.874553 sending message 112 to peer 0x118008000 (13 bytes)
1727700103.874558 sending message 112 to peer 0x118008000 (13 bytes)
1727700103.874563 sending message 112 to peer 0x118008000 (13 bytes)
1727700103.874569 sending message 112 to peer 0x118008000 (13 bytes)
1727700103.874574 sending message 112 to peer 0x118008000 (13 bytes)
1727700103.874579 sending message 112 to peer 0x118008000 (11 bytes)
1727700103.874584 sending message 112 to peer 0x118008000 (11 bytes)
1727700103.874590 sending message 112 to peer 0x118008000 (12 bytes)
1727700103.874595 sending message 112 to peer 0x118008000 (12 bytes)
1727700103.874600 sending message 112 to peer 0x118008000 (12 bytes)
1727700103.874605 sending message 112 to peer 0x118008000 (12 bytes)
1727700103.874610 sending message 112 to peer 0x118008000 (12 bytes)
1727700103.874616 sending message 112 to peer 0x118008000 (11 bytes)
1727700103.874621 sending message 112 to peer 0x118008000 (12 bytes)
1727700103.874626 sending message 112 to peer 0x118008000 (12 bytes)
1727700103.874631 sending message 112 to peer 0x118008000 (13 bytes)
1727700103.874637 sending message 112 to peer 0x118008000 (13 bytes)
1727700103.874642 sending message 112 to peer 0x118008000 (13 bytes)
1727700103.874647 sending message 112 to peer 0x118008000 (13 bytes)
1727700103.874652 sending message 112 to peer 0x118008000 (13 bytes)
1727700103.874657 sending message 112 to peer 0x118008000 (10 bytes)
1727700103.874663 sending message 112 to peer 0x118008000 (9 bytes)
1727700103.874668 sending message 112 to peer 0x118008000 (12 bytes)
1727700103.874673 sending message 112 to peer 0x118008000 (13 bytes)
1727700103.874678 sending message 112 to peer 0x118008000 (13 bytes)
1727700103.874684 sending message 112 to peer 0x118008000 (13 bytes)
1727700103.874689 sending message 112 to peer 0x118008000 (13 bytes)
1727700103.874694 sending message 112 to peer 0x118008000 (13 bytes)
1727700103.874700 sending message 112 to peer 0x118008000 (9 bytes)
1727700103.874705 sending message 112 to peer 0x118008000 (12 bytes)
1727700103.874710 sending message 112 to peer 0x118008000 (13 bytes)
1727700103.874715 sending message 112 to peer 0x118008000 (13 bytes)
1727700103.874721 sending message 112 to peer 0x118008000 (13 bytes)
1727700103.874726 sending message 112 to peer 0x118008000 (13 bytes)
1727700103.874739 sending message 112 to peer 0x118008000 (13 bytes)
1727700103.874744 sending message 112 to peer 0x118008000 (11 bytes)
1727700103.874750 sending message 112 to peer 0x118008000 (12 bytes)
1727700103.874755 sending message 112 to peer 0x118008000 (13 bytes)
1727700103.874760 sending message 112 to peer 0x118008000 (13 bytes)
1727700103.874765 sending message 112 to peer 0x118008000 (13 bytes)
1727700103.874771 sending message 112 to peer 0x118008000 (13 bytes)
1727700103.874776 sending message 112 to peer 0x118008000 (13 bytes)
1727700103.874781 sending message 112 to peer 0x118008000 (11 bytes)
1727700103.874786 sending message 112 to peer 0x118008000 (12 bytes)
1727700103.874792 sending message 112 to peer 0x118008000 (12 bytes)
1727700103.874797 sending message 112 to peer 0x118008000 (12 bytes)
1727700103.874802 sending message 112 to peer 0x118008000 (12 bytes)
1727700103.874808 sending message 112 to peer 0x118008000 (12 bytes)
1727700103.874813 sending message 112 to peer 0x118008000 (21 bytes)
1727700103.874818 sending message 112 to peer 0x118008000 (12 bytes)
1727700103.874823 sending message 112 to peer 0x118008000 (9 bytes)
1727700103.874829 sending message 112 to peer 0x118008000 (6 bytes)
1727700103.874834 sending message 112 to peer 0x118008000 (13 bytes)
1727700103.874840 sending message 112 to peer 0x118008000 (8 bytes)
1727700103.874845 sending message 112 to peer 0x118008000 (15 bytes)
1727700103.874850 sending message 112 to peer 0x118008000 (13 bytes)
1727700103.874857 sending message 112 to peer 0x118008000 (9 bytes)
1727700103.874862 sending message 112 to peer 0x118008000 (70 bytes)
1727700103.874868 sending message 112 to peer 0x118008000 (69 bytes)
1727700103.874873 sending message 112 to peer 0x118008000 (10 bytes)
1727700103.874878 sending message 112 to peer 0x118008000 (10 bytes)
1727700103.874883 sending message 112 to peer 0x118008000 (8 bytes)
1727700103.874889 sending message 112 to peer 0x118008000 (15 bytes)
1727700103.874894 sending message 112 to peer 0x118008000 (13 bytes)
1727700103.874899 sending message 112 to peer 0x118008000 (10 bytes)
1727700103.874904 sending message 112 to peer 0x118008000 (10 bytes)
1727700103.874910 sending message 112 to peer 0x118008000 (17 bytes)
1727700103.874915 sending message 112 to peer 0x118008000 (10 bytes)
1727700103.874920 sending message 112 to peer 0x118008000 (13 bytes)
1727700103.874925 sending message 112 to peer 0x118008000 (9 bytes)
1727700103.874931 sending message 112 to peer 0x118008000 (5 bytes)
1727700103.874936 sending message 112 to peer 0x118008000 (15 bytes)
1727700103.874944 sending message 104 to peer 0x118008000 (0 bytes)
1727700103.874952 sending message 110 to peer 0x118008000 (0 bytes)
1727700103.874957 sending message 107 to peer 0x118008000 (4 bytes)
1727700103.874963 sending message 105 to peer 0x118008000 (20 bytes)
1727700103.874968 sending message 105 to peer 0x118008000 (22 bytes)
1727700103.874973 sending message 105 to peer 0x118008000 (28 bytes)
1727700103.874979 sending message 105 to peer 0x118008000 (37 bytes)
1727700103.874984 sending message 105 to peer 0x118008000 (30 bytes)
1727700103.874989 sending message 105 to peer 0x118008000 (34 bytes)
1727700103.874994 sending message 105 to peer 0x118008000 (60 bytes)
1727700103.875000 sending message 105 to peer 0x118008000 (17 bytes)
1727700103.875005 sending message 105 to peer 0x118008000 (8 bytes)
1727700103.875010 sending message 105 to peer 0x118008000 (24 bytes)
1727700103.875016 sending message 105 to peer 0x118008000 (32 bytes)
1727700103.875021 sending message 105 to peer 0x118008000 (96 bytes)
1727700103.875026 sending message 105 to peer 0x118008000 (38 bytes)
1727700103.875032 sending message 105 to peer 0x118008000 (11 bytes)
1727700103.875037 sending message 105 to peer 0x118008000 (511 bytes)
1727700103.875043 sending message 105 to peer 0x118008000 (40 bytes)
1727700103.875049 sending message 105 to peer 0x118008000 (16 bytes)
1727700103.875054 sending message 105 to peer 0x118008000 (15 bytes)
1727700103.875074 sending message 105 to peer 0x118008000 (8 bytes)
1727700103.875080 sending message 105 to peer 0x118008000 (66 bytes)
1727700103.875085 sending message 105 to peer 0x118008000 (70 bytes)
1727700103.875091 sending message 105 to peer 0x118008000 (38 bytes)
1727700103.875096 sending message 105 to peer 0x118008000 (19 bytes)
1727700103.875101 sending message 105 to peer 0x118008000 (19 bytes)
1727700103.875107 sending message 105 to peer 0x118008000 (18 bytes)
1727700103.875112 sending message 105 to peer 0x118008000 (25 bytes)
1727700103.875118 sending message 105 to peer 0x118008000 (57 bytes)
1727700103.875123 sending message 105 to peer 0x118008000 (43 bytes)
1727700103.875128 sending message 105 to peer 0x118008000 (14 bytes)
1727700103.875133 sending message 105 to peer 0x118008000 (70 bytes)
1727700103.875138 sending message 105 to peer 0x118008000 (21 bytes)
1727700103.875144 sending message 105 to peer 0x118008000 (58 bytes)
1727700103.875149 sending message 105 to peer 0x118008000 (71 bytes)
1727700103.875154 sending message 105 to peer 0x118008000 (72 bytes)
1727700103.875159 sending message 105 to peer 0x118008000 (64 bytes)
1727700103.875165 sending message 105 to peer 0x118008000 (15 bytes)
1727700103.875170 sending message 105 to peer 0x118008000 (79 bytes)
1727700103.875179 sending message 105 to peer 0x118008000 (14 bytes)
1727700103.875187 sending message 105 to peer 0x118008000 (19 bytes)
1727700103.875192 sending message 105 to peer 0x118008000 (38 bytes)
1727700103.875197 sending message 105 to peer 0x118008000 (44 bytes)
1727700103.875203 sending message 105 to peer 0x118008000 (38 bytes)
1727700103.875208 sending message 105 to peer 0x118008000 (24 bytes)
1727700103.875213 sending message 105 to peer 0x118008000 (37 bytes)
1727700103.875219 sending message 105 to peer 0x118008000 (21 bytes)
1727700103.875224 sending message 105 to peer 0x118008000 (22 bytes)
1727700103.875229 sending message 105 to peer 0x118008000 (29 bytes)
1727700103.875235 sending message 105 to peer 0x118008000 (30 bytes)
1727700103.875240 sending message 105 to peer 0x118008000 (34 bytes)
1727700103.875245 sending message 105 to peer 0x118008000 (25 bytes)
1727700103.875251 sending message 106 to peer 0x118008000 (0 bytes)
1727700103.875379 sending message 200 to peer 0x118008000 (4 bytes)
1727700103.875394 client loop enter
1727700103.875818 peer 0x118008000 message 303
1727700103.875846 open write file 2 -
1727700103.875906 sending message 305 to peer 0x118008000 (8 bytes)
1727700103.875936 write check file 2
1727700103.875985 peer 0x118008000 message 304
1727700103.875993 write 58 to file 2
1727700103.876012 peer 0x118008000 message 203
1727700103.876022 file 2 58 bytes left
1727700103.876045 write check file 2
1727700103.876052 client loop exit
